Arguments: 
  /usr/local/bin/node /usr/local/bin/yarn

PATH: 
  /opt/homebrew/opt/ruby/bin:/Users/ztz/usr/local/mongodb/bin:/opt/homebrew/bin:/opt/homebrew/sbin:/usr/local/bin:/usr/bin:/bin:/usr/sbin:/sbin:/Library/Apple/usr/bin:/opt/homebrew/opt/ruby/bin:/Users/ztz/usr/local/mongodb/bin:/opt/homebrew/bin:/opt/homebrew/sbin:.:/usr/local/mysql/bin:/Users/ztz/Library/Android/sdk/emulator:/Users/ztz/Library/Android/sdk/tools:/Users/ztz/Library/Android/sdk/tools/bin:/Users/ztz/Library/Android/sdk/platform-tools:.:/usr/local/mysql/bin:/Users/ztz/Library/Android/sdk/emulator:/Users/ztz/Library/Android/sdk/tools:/Users/ztz/Library/Android/sdk/tools/bin:/Users/ztz/Library/Android/sdk/platform-tools

Yarn version: 
  1.22.18

Node version: 
  16.14.0

Platform: 
  darwin arm64

Trace: 
  Error: ENOENT: no such file or directory, copyfile '/Users/ztz/Library/Caches/Yarn/v6/npm-yallist-2.1.2-1c11f9218f076089a47dd512f93c6699a6a81d52-integrity/node_modules/yallist/README.md' -> '/Users/ztz/myPro/running-service/node_modules/named-placeholders/node_modules/yallist/README.md'

npm manifest: 
  {
    "name": "running",
    "version": "1.0.0",
    "description": "",
    "main": "index.js",
    "scripts": {
      "test": "echo \"Error: no test specified\" && exit 1",
      "dev": "nodemon ./src/main.js"
    },
    "keywords": [],
    "author": "",
    "license": "ISC",
    "dependencies": {
      "axios": "^0.24.0",
      "bcryptjs": "^2.4.3",
      "dotenv": "^10.0.0",
      "dtk-nodejs-api-sdk": "^1.1.2",
      "jsonwebtoken": "^8.5.1",
      "koa": "^2.13.4",
      "koa-body": "^4.2.0",
      "koa-router": "^10.1.1",
      "koa-sslify": "^5.0.0",
      "koa-static": "^5.0.0",
      "koa2-cors": "^2.0.6",
      "mysql2": "^2.3.2",
      "nodemon": "^2.0.14",
      "qs": "^6.11.0",
      "sequelize": "^6.8.0",
      "ws": "^8.8.1"
    }
  }

yarn manifest: 
  No manifest

Lockfile: 
  No lockfile
